<?xml version="1.0" encoding="UTF-8"?>
<!-- Generated by org.testng.reporters.JUnitXMLReporter -->
<testsuite hostname="NP-SADEKUNLE" name="CasinonateVernons_Homepage" tests="13" failures="1" timestamp="17 Nov 2017 14:14:41 GMT" time="262.506" errors="0">
  <testcase name="GCtest" time="11.812" classname="Suite2.CasinoVernons_Homepage"/>
  <testcase name="GameCategorytest" time="56.072" classname="Suite2.CasinoVernons_Homepage"/>
  <testcase name="HeaderElmentstest" time="12.203" classname="Suite2.CasinoVernons_Homepage"/>
  <testcase name="contentblockHP1test" time="13.677" classname="Suite2.CasinoVernons_Homepage"/>
  <testcase name="contentblockHP2test" time="47.288" classname="Suite2.CasinoVernons_Homepage">
    <failure type="org.openqa.selenium.TimeoutException" message="Expected condition failed: waiting for presence of element located by: By.xpath: //*[@id=&amp;apos;quicktabs-tab-home_page_content_block-1&amp;apos;] (tried for 30 second(s) with 500 MILLISECONDS interval)">
      <![CDATA[org.openqa.selenium.TimeoutException: Expected condition failed: waiting for presence of element located by: By.xpath: //*[@id='quicktabs-tab-home_page_content_block-1'] (tried for 30 second(s) with 500 MILLISECONDS interval)
	at org.openqa.selenium.support.ui.WebDriverWait.timeoutException(WebDriverWait.java:80)
	at org.openqa.selenium.support.ui.FluentWait.until(FluentWait.java:232)
	at Suite2.CasinoVernons_Homepage.contentblockHP2test(CasinoVernons_Homepage.java:343)
Caused by: org.openqa.selenium.NoSuchElementException: Cannot locate an element using By.xpath: //*[@id='quicktabs-tab-home_page_content_block-1']
For documentation on this error, please visit: http://seleniumhq.org/exceptions/no_such_element.html
Build info: version: '3.4.0', revision: 'unknown', time: 'unknown'
System info: host: 'NP-SADEKUNLE', ip: '10.44.3.85', os.name: 'Windows 10', os.arch: 'amd64', os.version: '10.0', java.version: '1.8.0_102'
Driver info: driver.version: unknown
	at org.openqa.selenium.support.ui.ExpectedConditions.lambda$findElement$0(ExpectedConditions.java:883)
	at java.util.Optional.orElseThrow(Optional.java:290)
	at org.openqa.selenium.support.ui.ExpectedConditions.findElement(ExpectedConditions.java:882)
	at org.openqa.selenium.support.ui.ExpectedConditions.access$000(ExpectedConditions.java:44)
	at org.openqa.selenium.support.ui.ExpectedConditions$6.apply(ExpectedConditions.java:183)
	at org.openqa.selenium.support.ui.ExpectedConditions$6.apply(ExpectedConditions.java:180)
	at org.openqa.selenium.support.ui.FluentWait.until(FluentWait.java:209)
	... 25 more
... Removed 24 stack frames]]>
    </failure>
  </testcase> <!-- contentblockHP2test -->
  <testcase name="contentblockHP3test" time="14.729" classname="Suite2.CasinoVernons_Homepage"/>
  <testcase name="contentblockHP4test" time="8.951" classname="Suite2.CasinoVernons_Homepage"/>
  <testcase name="contentblockHP5test" time="12.799" classname="Suite2.CasinoVernons_Homepage"/>
  <testcase name="contentblockHP6test" time="12.754" classname="Suite2.CasinoVernons_Homepage"/>
  <testcase name="contentblockHP7test" time="11.231" classname="Suite2.CasinoVernons_Homepage"/>
  <testcase name="contentblockHPtest" time="14.884" classname="Suite2.CasinoVernons_Homepage"/>
  <testcase name="footerElement2test" time="11.609" classname="Suite2.CasinoVernons_Homepage"/>
  <testcase name="footerElementsTest" time="22.451" classname="Suite2.CasinoVernons_Homepage"/>
</testsuite> <!-- CasinonateVernons_Homepage -->
