<?xml version="1.0" encoding="UTF-8"?>
<!-- Generated by org.testng.reporters.JUnitXMLReporter -->
<testsuite hostname="NP-SADEKUNLE" name="OtherPaymentMethodTest" tests="2" failures="2" timestamp="27 Mar 2017 14:56:01 GMT" time="10.271" errors="0">
  <testcase name="PaymentMethodPayPal" time="0.001" classname="Cashier.OtherPaymentMethodTest">
    <failure type="java.lang.NullPointerException">
      <![CDATA[java.lang.NullPointerException
	at Base.TestBase.openBrowser(TestBase.java:134)
	at Base.TestBase.doLogin(TestBase.java:152)
	at Base.TestBase.doDefaultLogin(TestBase.java:164)
	at Cashier.OtherPaymentMethodTest.PaymentMethodPayPal(OtherPaymentMethodTest.java:75)
... Removed 25 stack frames]]>
    </failure>
  </testcase> <!-- PaymentMethodPayPal -->
  <testcase name="PaymentMethodTest" time="9.443" classname="Cashier.OtherPaymentMethodTest">
    <failure type="java.lang.NullPointerException">
      <![CDATA[java.lang.NullPointerException
	at Cashier.OtherPaymentMethodTest.PaymentMethodTest(OtherPaymentMethodTest.java:33)
... Removed 25 stack frames]]>
    </failure>
  </testcase> <!-- PaymentMethodTest -->
</testsuite> <!-- OtherPaymentMethodTest -->
